# JRE version: OpenJDK Runtime Environment (7.0_51) (build 1.7.0_51-b00)
# Java VM: OpenJDK 64-Bit Server VM (24.45-b08 mixed mode linux-amd64 compressed oops)
Heap
 PSYoungGen      total 251904K, used 25747K [0x00000000eaa80000, 0x0000000100000000, 0x0000000100000000)
  eden space 159232K, 16% used [0x00000000eaa80000,0x00000000ec3a4f20,0x00000000f4600000)
  from space 92672K, 0% used [0x00000000fa580000,0x00000000fa580000,0x0000000100000000)
  to   space 95232K, 0% used [0x00000000f4600000,0x00000000f4600000,0x00000000fa300000)
 ParOldGen       total 349696K, used 114713K [0x00000000c0000000, 0x00000000d5580000, 0x00000000eaa80000)
  object space 349696K, 32% used [0x00000000c0000000,0x00000000c7006618,0x00000000d5580000)
 PSPermGen       total 188928K, used 88336K [0x00000000b0000000, 0x00000000bb880000, 0x00000000c0000000)
  object space 188928K, 46% used [0x00000000b0000000,0x00000000b56440f8,0x00000000bb880000)
GC Heap History (10 events):
Event: 20.582 GC heap before
{Heap before GC invocations=7 (full 0):
 PSYoungGen      total 270336K, used 270322K [0x00000000eaa80000, 0x0000000100000000, 0x0000000100000000)
  eden space 218624K, 100% used [0x00000000eaa80000,0x00000000f8000000,0x00000000f8000000)
  from space 51712K, 99% used [0x00000000fcd80000,0x00000000ffffc930,0x0000000100000000)
  to   space 65536K, 0% used [0x00000000f8000000,0x00000000f8000000,0x00000000fc000000)
 ParOldGen       total 349696K, used 80034K [0x00000000c0000000, 0x00000000d5580000, 0x00000000eaa80000)
  object space 349696K, 22% used [0x00000000c0000000,0x00000000c4e28998,0x00000000d5580000)
 PSPermGen       total 88576K, used 88194K [0x00000000b0000000, 0x00000000b5680000, 0x00000000c0000000)
  object space 88576K, 99% used [0x00000000b0000000,0x00000000b5620b08,0x00000000b5680000)
Event: 20.634 GC heap after
Heap after GC invocations=7 (full 0):
 PSYoungGen      total 284160K, used 65520K [0x00000000eaa80000, 0x0000000100000000, 0x0000000100000000)
  eden space 218624K, 0% used [0x00000000eaa80000,0x00000000eaa80000,0x00000000f8000000)
  from space 65536K, 99% used [0x00000000f8000000,0x00000000fbffc020,0x00000000fc000000)
  to   space 65536K, 0% used [0x00000000fc000000,0x00000000fc000000,0x0000000100000000)
 ParOldGen       total 349696K, used 93458K [0x00000000c0000000, 0x00000000d5580000, 0x00000000eaa80000)
  object space 349696K, 26% used [0x00000000c0000000,0x00000000c5b44930,0x00000000d5580000)
 PSPermGen       total 88576K, used 88194K [0x00000000b0000000, 0x00000000b5680000, 0x00000000c0000000)
  object space 88576K, 99% used [0x00000000b0000000,0x00000000b5620b08,0x00000000b5680000)
}
Event: 26.047 GC heap before
{Heap before GC invocations=8 (full 0):
 PSYoungGen      total 284160K, used 284144K [0x00000000eaa80000, 0x0000000100000000, 0x0000000100000000)
  eden space 218624K, 100% used [0x00000000eaa80000,0x00000000f8000000,0x00000000f8000000)
  from space 65536K, 99% used [0x00000000f8000000,0x00000000fbffc020,0x00000000fc000000)
  to   space 65536K, 0% used [0x00000000fc000000,0x00000000fc000000,0x0000000100000000)
 ParOldGen       total 349696K, used 93458K [0x00000000c0000000, 0x00000000d5580000, 0x00000000eaa80000)
  object space 349696K, 26% used [0x00000000c0000000,0x00000000c5b44930,0x00000000d5580000)
 PSPermGen       total 99328K, used 99139K [0x00000000b0000000, 0x00000000b6100000, 0x00000000c0000000)
  object space 99328K, 99% used [0x00000000b0000000,0x00000000b60d0ce8,0x00000000b6100000)
Event: 26.103 GC heap after
Heap after GC invocations=8 (full 0):
 PSYoungGen      total 224768K, used 65527K [0x00000000eaa80000, 0x0000000100000000, 0x0000000100000000)
  eden space 159232K, 0% used [0x00000000eaa80000,0x00000000eaa80000,0x00000000f4600000)
  from space 65536K, 99% used [0x00000000fc000000,0x00000000ffffde28,0x0000000100000000)
  to   space 95232K, 0% used [0x00000000f4600000,0x00000000f4600000,0x00000000fa300000)
 ParOldGen       total 349696K, used 114306K [0x00000000c0000000, 0x00000000d5580000, 0x00000000eaa80000)
  object space 349696K, 32% used [0x00000000c0000000,0x00000000c6fa0a28,0x00000000d5580000)
 PSPermGen       total 99328K, used 99139K [0x00000000b0000000, 0x00000000b6100000, 0x00000000c0000000)
  object space 99328K, 99% used [0x00000000b0000000,0x00000000b60d0ce8,0x00000000b6100000)
}
Event: 38.127 GC heap before
{Heap before GC invocations=9 (full 0):
 PSYoungGen      total 224768K, used 224759K [0x00000000eaa80000, 0x0000000100000000, 0x0000000100000000)
  eden space 159232K, 100% used [0x00000000eaa80000,0x00000000f4600000,0x00000000f4600000)
  from space 65536K, 99% used [0x00000000fc000000,0x00000000ffffde28,0x0000000100000000)
  to   space 95232K, 0% used [0x00000000f4600000,0x00000000f4600000,0x00000000fa300000)
 ParOldGen       total 349696K, used 114306K [0x00000000c0000000, 0x00000000d5580000, 0x00000000eaa80000)
  object space 349696K, 32% used [0x00000000c0000000,0x00000000c6fa0a28,0x00000000d5580000)
 PSPermGen       total 100352K, used 99994K [0x00000000b0000000, 0x00000000b6200000, 0x00000000c0000000)
  object space 100352K, 99% used [0x00000000b0000000,0x00000000b61a6850,0x00000000b6200000)
Event: 38.172 GC heap after
Heap after GC invocations=9 (full 0):
 PSYoungGen      total 254464K, used 37862K [0x00000000eaa80000, 0x0000000100000000, 0x0000000100000000)
  eden space 159232K, 0% used [0x00000000eaa80000,0x00000000eaa80000,0x00000000f4600000)
  from space 95232K, 39% used [0x00000000f4600000,0x00000000f6af98b8,0x00000000fa300000)
  to   space 92672K, 0% used [0x00000000fa580000,0x00000000fa580000,0x0000000100000000)
 ParOldGen       total 349696K, used 139264K [0x00000000c0000000, 0x00000000d5580000, 0x00000000eaa80000)
  object space 349696K, 39% used [0x00000000c0000000,0x00000000c8800278,0x00000000d5580000)
 PSPermGen       total 100352K, used 99994K [0x00000000b0000000, 0x00000000b6200000, 0x00000000c0000000)
  object space 100352K, 99% used [0x00000000b0000000,0x00000000b61a6850,0x00000000b6200000)
}
Event: 73.905 GC heap before
{Heap before GC invocations=10 (full 0):
 PSYoungGen      total 254464K, used 109176K [0x00000000eaa80000, 0x0000000100000000, 0x0000000100000000)
  eden space 159232K, 44% used [0x00000000eaa80000,0x00000000ef024878,0x00000000f4600000)
  from space 95232K, 39% used [0x00000000f4600000,0x00000000f6af98b8,0x00000000fa300000)
  to   space 92672K, 0% used [0x00000000fa580000,0x00000000fa580000,0x0000000100000000)
 ParOldGen       total 349696K, used 139264K [0x00000000c0000000, 0x00000000d5580000, 0x00000000eaa80000)
  object space 349696K, 39% used [0x00000000c0000000,0x00000000c8800278,0x00000000d5580000)
 PSPermGen       total 101376K, used 101254K [0x00000000b0000000, 0x00000000b6300000, 0x00000000c0000000)
  object space 101376K, 99% used [0x00000000b0000000,0x00000000b62e1b60,0x00000000b6300000)
Event: 73.944 GC heap after
Heap after GC invocations=10 (full 0):
 PSYoungGen      total 251904K, used 8265K [0x00000000eaa80000, 0x0000000100000000, 0x0000000100000000)
  eden space 159232K, 0% used [0x00000000eaa80000,0x00000000eaa80000,0x00000000f4600000)
  from space 92672K, 8% used [0x00000000fa580000,0x00000000fad92560,0x0000000100000000)
  to   space 95232K, 0% used [0x00000000f4600000,0x00000000f4600000,0x00000000fa300000)
 ParOldGen       total 349696K, used 171055K [0x00000000c0000000, 0x00000000d5580000, 0x00000000eaa80000)
  object space 349696K, 48% used [0x00000000c0000000,0x00000000ca70bdc8,0x00000000d5580000)
 PSPermGen       total 101376K, used 101254K [0x00000000b0000000, 0x00000000b6300000, 0x00000000c0000000)
  object space 101376K, 99% used [0x00000000b0000000,0x00000000b62e1b60,0x00000000b6300000)
}
Event: 73.944 GC heap before
{Heap before GC invocations=11 (full 1):
 PSYoungGen      total 251904K, used 8265K [0x00000000eaa80000, 0x0000000100000000, 0x0000000100000000)
  eden space 159232K, 0% used [0x00000000eaa80000,0x00000000eaa80000,0x00000000f4600000)
  from space 92672K, 8% used [0x00000000fa580000,0x00000000fad92560,0x0000000100000000)
  to   space 95232K, 0% used [0x00000000f4600000,0x00000000f4600000,0x00000000fa300000)
 ParOldGen       total 349696K, used 171055K [0x00000000c0000000, 0x00000000d5580000, 0x00000000eaa80000)
  object space 349696K, 48% used [0x00000000c0000000,0x00000000ca70bdc8,0x00000000d5580000)
 PSPermGen       total 101376K, used 101254K [0x00000000b0000000, 0x00000000b6300000, 0x00000000c0000000)
  object space 101376K, 99% used [0x00000000b0000000,0x00000000b62e1b60,0x00000000b6300000)
Event: 74.446 GC heap after
Heap after GC invocations=11 (full 1):
 PSYoungGen      total 251904K, used 0K [0x00000000eaa80000, 0x0000000100000000, 0x0000000100000000)
  eden space 159232K, 0% used [0x00000000eaa80000,0x00000000eaa80000,0x00000000f4600000)
  from space 92672K, 0% used [0x00000000fa580000,0x00000000fa580000,0x0000000100000000)
  to   space 95232K, 0% used [0x00000000f4600000,0x00000000f4600000,0x00000000fa300000)
 ParOldGen       total 349696K, used 114713K [0x00000000c0000000, 0x00000000d5580000, 0x00000000eaa80000)
  object space 349696K, 32% used [0x00000000c0000000,0x00000000c7006618,0x00000000d5580000)
 PSPermGen       total 188928K, used 87245K [0x00000000b0000000, 0x00000000bb880000, 0x00000000c0000000)
  object space 188928K, 46% used [0x00000000b0000000,0x00000000b5533630,0x00000000bb880000)
}

